# JRE version: Java(TM) SE Runtime Environment (8.0_162-b12) (build 1.8.0_162-b12)
# Java VM: Java HotSpot(TM) 64-Bit Server VM (25.162-b12 mixed mode windows-amd64 compressed oops)
Heap:
 PSYoungGen      total 133632K, used 13297K [0x000000076b300000, 0x0000000775180000, 0x00000007c0000000)
  eden space 125440K, 5% used [0x000000076b300000,0x000000076ba067b0,0x0000000772d80000)
  from space 8192K, 74% used [0x0000000774980000,0x0000000774f75fd8,0x0000000775180000)
  to   space 18432K, 0% used [0x0000000772d80000,0x0000000772d80000,0x0000000773f80000)
 ParOldGen       total 192000K, used 22578K [0x00000006c1800000, 0x00000006cd380000, 0x000000076b300000)
  object space 192000K, 11% used [0x00000006c1800000,0x00000006c2e0c8e8,0x00000006cd380000)
 Metaspace       used 38318K, capacity 40260K, committed 40576K, reserved 1083392K
  class space    used 5288K, capacity 5664K, committed 5760K, reserved 1048576K
GC Heap History (10 events):
Event: 2.254 GC heap before
{Heap before GC invocations=4 (full 1):
 PSYoungGen      total 76288K, used 65536K [0x000000076b300000, 0x0000000774800000, 0x00000007c0000000)
  eden space 65536K, 100% used [0x000000076b300000,0x000000076f300000,0x000000076f300000)
  from space 10752K, 0% used [0x000000076fd80000,0x000000076fd80000,0x0000000770800000)
  to   space 10752K, 0% used [0x000000076f300000,0x000000076f300000,0x000000076fd80000)
 ParOldGen       total 110080K, used 8749K [0x00000006c1800000, 0x00000006c8380000, 0x000000076b300000)
  object space 110080K, 7% used [0x00000006c1800000,0x00000006c208b670,0x00000006c8380000)
 Metaspace       used 24802K, capacity 25672K, committed 25984K, reserved 1071104K
  class space    used 3403K, capacity 3615K, committed 3712K, reserved 1048576K
Event: 2.260 GC heap after
Heap after GC invocations=4 (full 1):
 PSYoungGen      total 76288K, used 10433K [0x000000076b300000, 0x0000000772400000, 0x00000007c0000000)
  eden space 65536K, 0% used [0x000000076b300000,0x000000076b300000,0x000000076f300000)
  from space 10752K, 97% used [0x000000076f300000,0x000000076fd307d0,0x000000076fd80000)
  to   space 10752K, 0% used [0x0000000771980000,0x0000000771980000,0x0000000772400000)
 ParOldGen       total 110080K, used 8757K [0x00000006c1800000, 0x00000006c8380000, 0x000000076b300000)
  object space 110080K, 7% used [0x00000006c1800000,0x00000006c208d670,0x00000006c8380000)
 Metaspace       used 24802K, capacity 25672K, committed 25984K, reserved 1071104K
  class space    used 3403K, capacity 3615K, committed 3712K, reserved 1048576K
}
Event: 3.338 GC heap before
{Heap before GC invocations=5 (full 1):
 PSYoungGen      total 76288K, used 75969K [0x000000076b300000, 0x0000000772400000, 0x00000007c0000000)
  eden space 65536K, 100% used [0x000000076b300000,0x000000076f300000,0x000000076f300000)
  from space 10752K, 97% used [0x000000076f300000,0x000000076fd307d0,0x000000076fd80000)
  to   space 10752K, 0% used [0x0000000771980000,0x0000000771980000,0x0000000772400000)
 ParOldGen       total 110080K, used 8757K [0x00000006c1800000, 0x00000006c8380000, 0x000000076b300000)
  object space 110080K, 7% used [0x00000006c1800000,0x00000006c208d670,0x00000006c8380000)
 Metaspace       used 29677K, capacity 30874K, committed 30976K, reserved 1075200K
  class space    used 4003K, capacity 4264K, committed 4352K, reserved 1048576K
Event: 3.351 GC heap after
Heap after GC invocations=5 (full 1):
 PSYoungGen      total 103936K, used 10743K [0x000000076b300000, 0x0000000772400000, 0x00000007c0000000)
  eden space 93184K, 0% used [0x000000076b300000,0x000000076b300000,0x0000000770e00000)
  from space 10752K, 99% used [0x0000000771980000,0x00000007723fdc20,0x0000000772400000)
  to   space 10752K, 0% used [0x0000000770f00000,0x0000000770f00000,0x0000000771980000)
 ParOldGen       total 110080K, used 12056K [0x00000006c1800000, 0x00000006c8380000, 0x000000076b300000)
  object space 110080K, 10% used [0x00000006c1800000,0x00000006c23c6218,0x00000006c8380000)
 Metaspace       used 29677K, capacity 30874K, committed 30976K, reserved 1075200K
  class space    used 4003K, capacity 4264K, committed 4352K, reserved 1048576K
}
Event: 4.299 GC heap before
{Heap before GC invocations=6 (full 1):
 PSYoungGen      total 103936K, used 66720K [0x000000076b300000, 0x0000000772400000, 0x00000007c0000000)
  eden space 93184K, 60% used [0x000000076b300000,0x000000076e9aa4a8,0x0000000770e00000)
  from space 10752K, 99% used [0x0000000771980000,0x00000007723fdc20,0x0000000772400000)
  to   space 10752K, 0% used [0x0000000770f00000,0x0000000770f00000,0x0000000771980000)
 ParOldGen       total 110080K, used 12056K [0x00000006c1800000, 0x00000006c8380000, 0x000000076b300000)
  object space 110080K, 10% used [0x00000006c1800000,0x00000006c23c6218,0x00000006c8380000)
 Metaspace       used 33814K, capacity 35412K, committed 35456K, reserved 1079296K
  class space    used 4667K, capacity 4975K, committed 4992K, reserved 1048576K
Event: 4.321 GC heap after
Heap after GC invocations=6 (full 1):
 PSYoungGen      total 104960K, used 10741K [0x000000076b300000, 0x0000000775b00000, 0x00000007c0000000)
  eden space 94208K, 0% used [0x000000076b300000,0x000000076b300000,0x0000000770f00000)
  from space 10752K, 99% used [0x0000000770f00000,0x000000077197d6f0,0x0000000771980000)
  to   space 17920K, 0% used [0x0000000774980000,0x0000000774980000,0x0000000775b00000)
 ParOldGen       total 110080K, used 18744K [0x00000006c1800000, 0x00000006c8380000, 0x000000076b300000)
  object space 110080K, 17% used [0x00000006c1800000,0x00000006c2a4e1f0,0x00000006c8380000)
 Metaspace       used 33814K, capacity 35412K, committed 35456K, reserved 1079296K
  class space    used 4667K, capacity 4975K, committed 4992K, reserved 1048576K
}
Event: 4.321 GC heap before
{Heap before GC invocations=7 (full 2):
 PSYoungGen      total 104960K, used 10741K [0x000000076b300000, 0x0000000775b00000, 0x00000007c0000000)
  eden space 94208K, 0% used [0x000000076b300000,0x000000076b300000,0x0000000770f00000)
  from space 10752K, 99% used [0x0000000770f00000,0x000000077197d6f0,0x0000000771980000)
  to   space 17920K, 0% used [0x0000000774980000,0x0000000774980000,0x0000000775b00000)
 ParOldGen       total 110080K, used 18744K [0x00000006c1800000, 0x00000006c8380000, 0x000000076b300000)
  object space 110080K, 17% used [0x00000006c1800000,0x00000006c2a4e1f0,0x00000006c8380000)
 Metaspace       used 33814K, capacity 35412K, committed 35456K, reserved 1079296K
  class space    used 4667K, capacity 4975K, committed 4992K, reserved 1048576K
Event: 4.405 GC heap after
Heap after GC invocations=7 (full 2):
 PSYoungGen      total 104960K, used 0K [0x000000076b300000, 0x0000000775b00000, 0x00000007c0000000)
  eden space 94208K, 0% used [0x000000076b300000,0x000000076b300000,0x0000000770f00000)
  from space 10752K, 0% used [0x0000000770f00000,0x0000000770f00000,0x0000000771980000)
  to   space 17920K, 0% used [0x0000000774980000,0x0000000774980000,0x0000000775b00000)
 ParOldGen       total 192000K, used 22570K [0x00000006c1800000, 0x00000006cd380000, 0x000000076b300000)
  object space 192000K, 11% used [0x00000006c1800000,0x00000006c2e0a8e8,0x00000006cd380000)
 Metaspace       used 33814K, capacity 35412K, committed 35456K, reserved 1079296K
  class space    used 4667K, capacity 4975K, committed 4992K, reserved 1048576K
}
Event: 25.379 GC heap before
{Heap before GC invocations=8 (full 2):
 PSYoungGen      total 104960K, used 94208K [0x000000076b300000, 0x0000000775b00000, 0x00000007c0000000)
  eden space 94208K, 100% used [0x000000076b300000,0x0000000770f00000,0x0000000770f00000)
  from space 10752K, 0% used [0x0000000770f00000,0x0000000770f00000,0x0000000771980000)
  to   space 17920K, 0% used [0x0000000774980000,0x0000000774980000,0x0000000775b00000)
 ParOldGen       total 192000K, used 22570K [0x00000006c1800000, 0x00000006cd380000, 0x000000076b300000)
  object space 192000K, 11% used [0x00000006c1800000,0x00000006c2e0a8e8,0x00000006cd380000)
 Metaspace       used 37963K, capacity 39898K, committed 39936K, reserved 1083392K
  class space    used 5249K, capacity 5629K, committed 5632K, reserved 1048576K
Event: 25.391 GC heap after
Heap after GC invocations=8 (full 2):
 PSYoungGen      total 133632K, used 6103K [0x000000076b300000, 0x0000000775180000, 0x00000007c0000000)
  eden space 125440K, 0% used [0x000000076b300000,0x000000076b300000,0x0000000772d80000)
  from space 8192K, 74% used [0x0000000774980000,0x0000000774f75fd8,0x0000000775180000)
  to   space 18432K, 0% used [0x0000000772d80000,0x0000000772d80000,0x0000000773f80000)
 ParOldGen       total 192000K, used 22578K [0x00000006c1800000, 0x00000006cd380000, 0x000000076b300000)
  object space 192000K, 11% used [0x00000006c1800000,0x00000006c2e0c8e8,0x00000006cd380000)
 Metaspace       used 37963K, capacity 39898K, committed 39936K, reserved 1083392K
  class space    used 5249K, capacity 5629K, committed 5632K, reserved 1048576K
}

